
Fast build requested.


Gathering system information ...
============== System information ====
+ lsb_release -a
No LSB modules are available.
Distributor ID:	Debian
Description:	Debian GNU/Linux 10 (buster)
Release:	10
Codename:	buster
+ uname -a
Linux buildkitsandbox 5.10.104-linuxkit #1 SMP PREEMPT Thu Mar 17 17:05:54 UTC 2022 x86_64 GNU/Linux
+ sw_vers
./setup.sh: line 89: sw_vers: command not found
+ grep MemTotal /proc/meminfo
MemTotal:       16370560 kB
+ echo

+ echo


done.


NOTE: Legacy scripts wig-to-json.pl and bam-to-json.pl have been removed from setup. Their functionality has been superseded by add-bam-track.pl and add-bw-track.pl. If you require the old versions, please use JBrowse 1.12.3 or earlier.


Installing node.js dependencies and building with webpack ...
Node v10.24.1 installed at /usr/bin/node with npm 6.14.12

> yarn@1.22.19 preinstall /usr/share/nginx/html/jbrowse/node_modules/yarn
> :; (node ./preinstall.js > /dev/null 2>&1 || true)

npm notice created a lockfile as package-lock.json. You should commit this file.
+ yarn@1.22.19
added 1 package and audited 1 package in 3.614s
found 0 vulnerabilities

yarn install v1.22.19
warning package-lock.json found. Your project contains lock files generated by tools other than Yarn. It is advised not to mix package managers in order to avoid resolution inconsistencies caused by unsynchronized lock files. To clear this warning, remove package-lock.json.
[1/4] Resolving packages...
[2/4] Fetching packages...
warning url-loader@1.1.2: Invalid bin field for "url-loader".
[3/4] Linking dependencies...
warning " > dojo-webpack-plugin@2.8.13" has unmet peer dependency "webpack-sources@>=1.0.1".
[4/4] Building fresh packages...
success Saved lockfile.
Done in 160.37s.
yarn run v1.22.19
$ webpack
clean-webpack-plugin: /usr/share/nginx/html/jbrowse/dist has been removed.
jbrowse-glob-loader: building 207 JBrowse modules
jbrowse-glob-loader: adding plugin module wormbase-glyphs/View/Track/StrainFilterVariants
jbrowse-glob-loader: adding plugin module wormbase-glyphs/View/FeatureGlyph/WBGene
jbrowse-glob-loader: adding plugin module wormbase-glyphs/View/FeatureGlyph/UpTriangle
jbrowse-glob-loader: adding plugin module wormbase-glyphs/View/FeatureGlyph/TRNAGene
jbrowse-glob-loader: adding plugin module wormbase-glyphs/View/FeatureGlyph/SnRNAGene
jbrowse-glob-loader: adding plugin module wormbase-glyphs/View/FeatureGlyph/SnoRNAGene
jbrowse-glob-loader: adding plugin module wormbase-glyphs/View/FeatureGlyph/ScRNAGene
jbrowse-glob-loader: adding plugin module wormbase-glyphs/View/FeatureGlyph/RRNAGene
jbrowse-glob-loader: adding plugin module wormbase-glyphs/View/FeatureGlyph/RightTriangle
jbrowse-glob-loader: adding plugin module wormbase-glyphs/View/FeatureGlyph/PseudoGene
jbrowse-glob-loader: adding plugin module wormbase-glyphs/View/FeatureGlyph/PreMiRNAGene
jbrowse-glob-loader: adding plugin module wormbase-glyphs/View/FeatureGlyph/PiRNAGene
jbrowse-glob-loader: adding plugin module wormbase-glyphs/View/FeatureGlyph/NoncodingTranscript
jbrowse-glob-loader: adding plugin module wormbase-glyphs/View/FeatureGlyph/NoncodingGene
jbrowse-glob-loader: adding plugin module wormbase-glyphs/View/FeatureGlyph/NcRNAGene
jbrowse-glob-loader: adding plugin module wormbase-glyphs/View/FeatureGlyph/MultipleVariantAllele
jbrowse-glob-loader: adding plugin module wormbase-glyphs/View/FeatureGlyph/MiRNAGene
jbrowse-glob-loader: adding plugin module wormbase-glyphs/View/FeatureGlyph/LinkedEST
jbrowse-glob-loader: adding plugin module wormbase-glyphs/View/FeatureGlyph/LincRNAGene
jbrowse-glob-loader: adding plugin module wormbase-glyphs/View/FeatureGlyph/LeftTriangle
jbrowse-glob-loader: adding plugin module wormbase-glyphs/View/FeatureGlyph/LabelFloatBox
jbrowse-glob-loader: adding plugin module wormbase-glyphs/View/FeatureGlyph/IntronGene
jbrowse-glob-loader: adding plugin module wormbase-glyphs/View/FeatureGlyph/ExonTranscript
jbrowse-glob-loader: adding plugin module wormbase-glyphs/View/FeatureGlyph/DownTriangle
jbrowse-glob-loader: adding plugin module wormbase-glyphs/View/FeatureGlyph/Diamond
jbrowse-glob-loader: adding plugin module wormbase-glyphs/View/FeatureGlyph/BareNoncodingGene
jbrowse-glob-loader: adding plugin module wormbase-glyphs/View/FeatureGlyph/AntisenseRNAGene
jbrowse-glob-loader: adding plugin module wormbase-glyphs/main
jbrowse-glob-loader: adding plugin module RegexSequenceSearch/View/SearchSeqDialog
jbrowse-glob-loader: adding plugin module RegexSequenceSearch/Store/SeqFeature/RegexSearch
jbrowse-glob-loader: adding plugin module RegexSequenceSearch/main
jbrowse-glob-loader: adding plugin module NeatHTMLFeatures/View/Track/NeatFeatures
jbrowse-glob-loader: adding plugin module NeatHTMLFeatures/main
jbrowse-glob-loader: adding plugin module NeatCanvasFeatures/View/Track/NeatFeatures
jbrowse-glob-loader: adding plugin module NeatCanvasFeatures/View/FeatureGlyph/UnprocessedTranscript
jbrowse-glob-loader: adding plugin module NeatCanvasFeatures/View/FeatureGlyph/Segments
jbrowse-glob-loader: adding plugin module NeatCanvasFeatures/View/FeatureGlyph/ProcessedTranscript
jbrowse-glob-loader: adding plugin module NeatCanvasFeatures/View/FeatureGlyph/Gene
jbrowse-glob-loader: adding plugin module NeatCanvasFeatures/View/FeatureGlyph/Box
jbrowse-glob-loader: adding plugin module NeatCanvasFeatures/main
jbrowse-glob-loader: adding plugin module HideTrackLabels/main
jbrowse-glob-loader: adding plugin module DebugEvents/main
jbrowse-glob-loader: adding plugin module CategoryUrl/main
jbrowse-glob-loader: adding plugin module AlliancePlugin/main
jbrowse-glob-loader: discovered a total of 251 modules
jbrowse-glob-loader: skipping entry point module JBrowse/standalone
jbrowse-glob-loader: skipping entry point module JBrowse/main
jbrowse-glob-loader: skipping entry point module JBrowse/standalone
jbrowse-glob-loader: skipping entry point module JBrowse/main
Hash: f7fed9a4eef146d1f5fa
Version: webpack 4.42.0
Time: 249813ms
Built at: 11/11/2022 10:30:49 PM
                   Asset       Size  Chunks                    Chunk Names
             0.bundle.js   1.81 MiB       0  [emitted]  [big]  
             1.bundle.js    954 KiB       1  [emitted]  [big]  
             4.bundle.js  785 bytes       4  [emitted]         
             5.bundle.js    1.5 KiB       5  [emitted]         
       browser.bundle.js    105 KiB       2  [emitted]         browser
dojo/resources/blank.gif   43 bytes          [emitted]         
          main.bundle.js    106 KiB       3  [emitted]         main
Entrypoint main = main.bundle.js
Entrypoint browser = browser.bundle.js
[130] ./src/JBrowse/Browser.js 147 KiB {1} [built]
[333] ./build/dojo-webpack-plugin-loader/dojo/dojo.js 70.1 KiB {2} {3} [built]
[334] ./src/JBrowse/Util.js 23.1 KiB {1} [built]
[335] ./src/JBrowse/QueryParamConfigMapper.js 5.99 KiB {1} [built]
[336] ./src/JBrowse/Model/XHRBlob.js 13.4 KiB {1} [built]
[337] ./src/JBrowse/View/FeatureGlyph/Box.js 13 KiB {1} [built]
[338] ./src/JBrowse/Store/SeqFeature.js 13.5 KiB {1} [built]
[339] ./src/JBrowse/Model/SimpleFeature.js 2.81 KiB {1} [built]
[340] ./src/JBrowse/Store/DeferredFeaturesMixin.js 1.2 KiB {1} [built]
[341] ./src/JBrowse/Store/DeferredStatsMixin.js 1.65 KiB {1} [built]
[342] ./plugins/wormbase-glyphs/js/View/FeatureGlyph/ExonTranscript.js 408 bytes {1} [built]
[343] ./src/JBrowse/Errors.js 1.58 KiB {1} [built]
[344] ./src/JBrowse/has.js 1.3 KiB {1} [built]
[583] ./src/JBrowse/main.js 13.2 KiB {3} [built]
[584] ./src/JBrowse/standalone.js 9.37 KiB {2} [built]
    + 2064 hidden modules

WARNING in asset size limit: The following asset(s) exceed the recommended size limit (244 KiB).
This can impact web performance.
Assets: 
  0.bundle.js (1.81 MiB)
  1.bundle.js (954 KiB)
Done in 258.11s.

done.


Fast build requested; skipping installing Perl prerequisites and sample data. Exiting...

